<?xml version="1.0" encoding="UTF-8"?>
<testng-results ignored="0" total="1" passed="1" failed="0" skipped="0">
  <reporter-output>
  </reporter-output>
  <suite started-at="2024-07-02T19:08:11 IST" name="Default suite" finished-at="2024-07-02T19:08:22 IST" duration-ms="11404">
    <groups>
    </groups>
    <test started-at="2024-07-02T19:08:11 IST" name="Default test" finished-at="2024-07-02T19:08:22 IST" duration-ms="11404">
      <class name="properties_fetch.Executable_propertifile">
        <test-method signature="f()[pri:0, instance:properties_fetch.Executable_propertifile@41fbdac4]" started-at="2024-07-02T19:08:11 IST" name="f" finished-at="2024-07-02T19:08:22 IST" duration-ms="11304" status="PASS">
          <reporter-output>
          </reporter-output>
        </test-method> <!-- f -->
      </class> <!-- properties_fetch.Executable_propertifile -->
    </test> <!-- Default test -->
  </suite> <!-- Default suite -->
</testng-results>
