<?xml version="1.0" encoding="UTF-8"?>
<!-- Generated by org.testng.reporters.JUnitXMLReporter -->
<testsuite ignored="0" hostname="DESKTOP-OFOTN69" failures="0" tests="3" name="Testcombine" time="8.983" errors="0" timestamp="2024-06-19T08:13:27 IST">
  <testcase classname="testng_package.NewTest" name="f" time="0.009"/>
  <testcase classname="testng_package.Test_ng_class" name="search" time="0.435"/>
  <testcase classname="testng_package.Test_ng_class" name="sendk" time="2.308"/>
</testsuite> <!-- Testcombine -->
