<?xml version="1.0" encoding="UTF-8"?>
<!-- Generated by org.testng.reporters.JUnitXMLReporter -->
<testsuite ignored="0" hostname="DESKTOP-OFOTN69" failures="0" tests="7" name="Default test" time="0.163" errors="0" timestamp="2024-06-19T09:38:21 IST">
  <testcase classname="testng_package.Groups_parameter" name="browser_launch" time="0.021"/>
  <testcase classname="testng_package.Groups_parameter" name="click_search" time="0.003"/>
  <testcase classname="testng_package.Groups_parameter" name="cosmetic_error" time="0.007"/>
  <testcase classname="testng_package.Groups_parameter" name="search_locate" time="0.005"/>
  <testcase classname="testng_package.Groups_parameter" name="search_sendkeys" time="0.003"/>
  <testcase classname="testng_package.Groups_parameter" name="select_option" time="0.006"/>
  <testcase classname="testng_package.Groups_parameter" name="urlhit" time="0.008"/>
</testsuite> <!-- Default test -->
