<?xml version="1.0" encoding="UTF-8"?>
<!-- Generated by org.testng.reporters.JUnitXMLReporter -->
<testsuite ignored="1" hostname="DESKTOP-OFOTN69" failures="0" tests="6" name="GroupTest" time="0.138" errors="0" timestamp="2024-06-19T09:46:55 IST">
  <testcase classname="testng_package.Groups_parameter" name="browser_launch" time="0.017"/>
  <testcase classname="testng_package.Groups_parameter" name="click_search" time="0.001"/>
  <testcase classname="testng_package.Groups_parameter" name="search_locate" time="0.003"/>
  <testcase classname="testng_package.Groups_parameter" name="search_sendkeys" time="0.003"/>
  <testcase classname="testng_package.Groups_parameter" name="select_option" time="0.003"/>
  <testcase classname="testng_package.Groups_parameter" name="urlhit" time="0.009"/>
  <testcase classname="testng_package.Groups_parameter" name="cosmetic_error" time="0.0">
    <ignored/>
  </testcase> <!-- cosmetic_error -->
</testsuite> <!-- GroupTest -->
