<?xml version="1.0" encoding="UTF-8"?>
<!-- Generated by org.testng.reporters.JUnitXMLReporter -->
<testsuite ignored="1" hostname="DESKTOP-OFOTN69" failures="0" tests="3" name="invocationTest" time="0.115" errors="0" timestamp="2024-06-19T09:10:21 IST">
  <testcase classname="testng_package.Invocation_count" name="name" time="0.018"/>
  <testcase classname="testng_package.Invocation_count" name="name" time="0.002"/>
  <testcase classname="testng_package.Invocation_count" name="country" time="0.003"/>
  <testcase classname="testng_package.Invocation_count" name="city" time="0.0">
    <ignored/>
  </testcase> <!-- city -->
</testsuite> <!-- invocationTest -->
